{
  "stats": {
    "suites": 1,
    "tests": 1,
    "passes": 1,
    "pending": 0,
    "failures": 0,
    "start": "2025-04-23T07:59:06.616Z",
    "end": "2025-04-23T07:59:06.714Z",
    "duration": 98,
    "testsRegistered": 1,
    "passPercent": 100,
    "pendingPercent": 0,
    "other": 0,
    "hasOther": false,
    "skipped": 0,
    "hasSkipped": false
  },
  "results": [
    {
      "uuid": "f2a33705-c7a7-4b0e-9e75-2ab40ac8b8ce",
      "title": "",
      "fullFile": "cypress/component/MetricDescription.cy.jsx",
      "file": "cypress/component/MetricDescription.cy.jsx",
      "beforeHooks": [],
      "afterHooks": [],
      "tests": [],
      "suites": [
        {
          "uuid": "35bb0364-818e-48d5-a12d-79596ad5011d",
          "title": "MetricDescription 组件",
          "fullFile": "",
          "file": "",
          "beforeHooks": [],
          "afterHooks": [],
          "tests": [
            {
              "title": "stub 描述并展示",
              "fullTitle": "MetricDescription 组件 stub 描述并展示",
              "timedOut": null,
              "duration": 81,
              "state": "passed",
              "speed": "fast",
              "pass": true,
              "fail": false,
              "pending": false,
              "context": null,
              "code": "cy.intercept(\"GET\", \"/stardog/getCategoryDescriptions\", {\n  statusCode: 200,\n  body: [\n    { category_name: \"TEST\", description: \"This is a test description.\" }\n  ]\n});\nconst metric = { categories_uri: \"TEST\", categories_label: \"TEST\" };\ncy.mountWithRouter(/* @__PURE__ */ jsxDEV(MetricDescription, { metric }, void 0, false, {\n  fileName: \"/Users/huyang/Desktop/capstone-project-2025-t1-25t1-9900-f14a-brioche-Docker_implement/frontend/cypress/component/MetricDescription.cy.jsx\",\n  lineNumber: 16,\n  columnNumber: 24\n}, this));\ncy.contains(\"This is a test description.\").should(\"be.visible\");",
              "err": {},
              "uuid": "e5fd3d7a-9438-47e3-9581-7ef417dec811",
              "parentUUID": "35bb0364-818e-48d5-a12d-79596ad5011d",
              "isHook": false,
              "skipped": false
            }
          ],
          "suites": [],
          "passes": [
            "e5fd3d7a-9438-47e3-9581-7ef417dec811"
          ],
          "failures": [],
          "pending": [],
          "skipped": [],
          "duration": 81,
          "root": false,
          "rootEmpty": false,
          "_timeout": 2000
        }
      ],
      "passes": [],
      "failures": [],
      "pending": [],
      "skipped": [],
      "duration": 0,
      "root": true,
      "rootEmpty": true,
      "_timeout": 2000
    }
  ],
  "meta": {
    "mocha": {
      "version": "7.2.0"
    },
    "mochawesome": {
      "options": {
        "quiet": true,
        "reportFilename": "component-report",
        "saveHtml": true,
        "saveJson": true,
        "consoleReporter": "spec",
        "useInlineDiffs": false,
        "code": true
      },
      "version": "7.1.3"
    },
    "marge": {
      "options": {
        "reportDir": "cypress/reports/component",
        "reportFilename": "component-report",
        "quiet": true,
        "overwrite": false,
        "html": true,
        "json": true
      },
      "version": "6.2.0"
    }
  }
}