{
  "stats": {
    "suites": 1,
    "tests": 1,
    "passes": 1,
    "pending": 0,
    "failures": 0,
    "start": "2025-04-23T07:59:04.942Z",
    "end": "2025-04-23T07:59:05.023Z",
    "duration": 81,
    "testsRegistered": 1,
    "passPercent": 100,
    "pendingPercent": 0,
    "other": 0,
    "hasOther": false,
    "skipped": 0,
    "hasSkipped": false
  },
  "results": [
    {
      "uuid": "01c1b069-16da-4818-bb5c-37b67c147c46",
      "title": "",
      "fullFile": "cypress/component/MetricCard.cy.jsx",
      "file": "cypress/component/MetricCard.cy.jsx",
      "beforeHooks": [],
      "afterHooks": [],
      "tests": [],
      "suites": [
        {
          "uuid": "28769b48-53a2-4f9e-a1d5-c990b67f176a",
          "title": "MetricCard 组件",
          "fullFile": "",
          "file": "",
          "beforeHooks": [],
          "afterHooks": [],
          "tests": [
            {
              "title": "渲染标题和按钮",
              "fullTitle": "MetricCard 组件 渲染标题和按钮",
              "timedOut": null,
              "duration": 64,
              "state": "passed",
              "speed": "fast",
              "pass": true,
              "fail": false,
              "pending": false,
              "context": null,
              "code": "const metric = {\n  metric_label: \"Test Metric\",\n  metric_uri: \"u1\",\n  categories_label: \"Test Category\",\n  categories_uri: \"cat1\"\n};\ncy.clearLocalStorage(`report_metrics_guest`);\ncy.mountWithRouter(\n  /* @__PURE__ */ jsxDEV(\n    MetricCard,\n    {\n      metric,\n      matchedMetrics: [],\n      industry: \"I\",\n      reportingYear: \"2022-12-31\",\n      company: \"Co\",\n      uniqueId: \"u1\"\n    },\n    void 0,\n    false,\n    {\n      fileName: \"/Users/huyang/Desktop/capstone-project-2025-t1-25t1-9900-f14a-brioche-Docker_implement/frontend/cypress/component/MetricCard.cy.jsx\",\n      lineNumber: 17,\n      columnNumber: 7\n    },\n    this\n  )\n);\ncy.contains(\"Test Metric\").should(\"be.visible\");\ncy.contains(\"Add to Report\").should(\"be.visible\");",
              "err": {},
              "uuid": "02c28ce8-43af-463f-a137-0938d6e2f555",
              "parentUUID": "28769b48-53a2-4f9e-a1d5-c990b67f176a",
              "isHook": false,
              "skipped": false
            }
          ],
          "suites": [],
          "passes": [
            "02c28ce8-43af-463f-a137-0938d6e2f555"
          ],
          "failures": [],
          "pending": [],
          "skipped": [],
          "duration": 64,
          "root": false,
          "rootEmpty": false,
          "_timeout": 2000
        }
      ],
      "passes": [],
      "failures": [],
      "pending": [],
      "skipped": [],
      "duration": 0,
      "root": true,
      "rootEmpty": true,
      "_timeout": 2000
    }
  ],
  "meta": {
    "mocha": {
      "version": "7.2.0"
    },
    "mochawesome": {
      "options": {
        "quiet": true,
        "reportFilename": "component-report",
        "saveHtml": true,
        "saveJson": true,
        "consoleReporter": "spec",
        "useInlineDiffs": false,
        "code": true
      },
      "version": "7.1.3"
    },
    "marge": {
      "options": {
        "reportDir": "cypress/reports/component",
        "reportFilename": "component-report",
        "quiet": true,
        "overwrite": false,
        "html": true,
        "json": true
      },
      "version": "6.2.0"
    }
  }
}