{
  "stats": {
    "suites": 1,
    "tests": 1,
    "passes": 1,
    "pending": 0,
    "failures": 0,
    "start": "2025-04-23T08:02:08.762Z",
    "end": "2025-04-23T08:02:08.838Z",
    "duration": 76,
    "testsRegistered": 1,
    "passPercent": 100,
    "pendingPercent": 0,
    "other": 0,
    "hasOther": false,
    "skipped": 0,
    "hasSkipped": false
  },
  "results": [
    {
      "uuid": "715351e9-df6b-46de-be0f-c66375a13fdc",
      "title": "",
      "fullFile": "cypress/component/MetricCard.cy.jsx",
      "file": "cypress/component/MetricCard.cy.jsx",
      "beforeHooks": [],
      "afterHooks": [],
      "tests": [],
      "suites": [
        {
          "uuid": "ac07af6b-00d2-46b6-a5b8-35c7a5d641b9",
          "title": "MetricCard 组件",
          "fullFile": "",
          "file": "",
          "beforeHooks": [],
          "afterHooks": [],
          "tests": [
            {
              "title": "渲染标题和按钮",
              "fullTitle": "MetricCard 组件 渲染标题和按钮",
              "timedOut": null,
              "duration": 61,
              "state": "passed",
              "speed": "fast",
              "pass": true,
              "fail": false,
              "pending": false,
              "context": null,
              "code": "const metric = {\n  metric_label: \"Test Metric\",\n  metric_uri: \"u1\",\n  categories_label: \"Test Category\",\n  categories_uri: \"cat1\"\n};\ncy.clearLocalStorage(`report_metrics_guest`);\ncy.mountWithRouter(\n  /* @__PURE__ */ jsxDEV(\n    MetricCard,\n    {\n      metric,\n      matchedMetrics: [],\n      industry: \"I\",\n      reportingYear: \"2022-12-31\",\n      company: \"Co\",\n      uniqueId: \"u1\"\n    },\n    void 0,\n    false,\n    {\n      fileName: \"/Users/huyang/Desktop/capstone-project-2025-t1-25t1-9900-f14a-brioche-Docker_implement/frontend/cypress/component/MetricCard.cy.jsx\",\n      lineNumber: 17,\n      columnNumber: 7\n    },\n    this\n  )\n);\ncy.contains(\"Test Metric\").should(\"be.visible\");\ncy.contains(\"Add to Report\").should(\"be.visible\");",
              "err": {},
              "uuid": "54bee8bb-88f2-42ec-84b4-7da1c5a38057",
              "parentUUID": "ac07af6b-00d2-46b6-a5b8-35c7a5d641b9",
              "isHook": false,
              "skipped": false
            }
          ],
          "suites": [],
          "passes": [
            "54bee8bb-88f2-42ec-84b4-7da1c5a38057"
          ],
          "failures": [],
          "pending": [],
          "skipped": [],
          "duration": 61,
          "root": false,
          "rootEmpty": false,
          "_timeout": 2000
        }
      ],
      "passes": [],
      "failures": [],
      "pending": [],
      "skipped": [],
      "duration": 0,
      "root": true,
      "rootEmpty": true,
      "_timeout": 2000
    }
  ],
  "meta": {
    "mocha": {
      "version": "7.2.0"
    },
    "mochawesome": {
      "options": {
        "quiet": true,
        "reportFilename": "component-report",
        "saveHtml": true,
        "saveJson": true,
        "consoleReporter": "spec",
        "useInlineDiffs": false,
        "code": true
      },
      "version": "7.1.3"
    },
    "marge": {
      "options": {
        "reportDir": "cypress/reports/component",
        "reportFilename": "component-report",
        "quiet": true,
        "overwrite": false,
        "html": true,
        "json": true
      },
      "version": "6.2.0"
    }
  }
}