{
  "stats": {
    "suites": 1,
    "tests": 1,
    "passes": 1,
    "pending": 0,
    "failures": 0,
    "start": "2025-04-23T08:02:13.588Z",
    "end": "2025-04-23T08:02:13.751Z",
    "duration": 163,
    "testsRegistered": 1,
    "passPercent": 100,
    "pendingPercent": 0,
    "other": 0,
    "hasOther": false,
    "skipped": 0,
    "hasSkipped": false
  },
  "results": [
    {
      "uuid": "9424ecc7-2a74-4ea7-b25d-13b20148fecd",
      "title": "",
      "fullFile": "cypress/component/Sidebar.cy.jsx",
      "file": "cypress/component/Sidebar.cy.jsx",
      "beforeHooks": [],
      "afterHooks": [],
      "tests": [],
      "suites": [
        {
          "uuid": "87a0d836-7137-417b-ba86-9d0effdce231",
          "title": "Sidebar 组件",
          "fullFile": "",
          "file": "",
          "beforeHooks": [],
          "afterHooks": [],
          "tests": [
            {
              "title": "展示菜单项并点击 Logout 后清除 localStorage",
              "fullTitle": "Sidebar 组件 展示菜单项并点击 Logout 后清除 localStorage",
              "timedOut": null,
              "duration": 142,
              "state": "passed",
              "speed": "medium",
              "pass": true,
              "fail": false,
              "pending": false,
              "context": null,
              "code": "cy.window().then((win) => {\n  win.localStorage.setItem(\"currentUser\", \"Alice\");\n  win.localStorage.setItem(\"token\", \"tok123\");\n});\ncy.mountWithRouter(/* @__PURE__ */ jsxDEV(Sidebar, {}, void 0, false, {\n  fileName: \"/Users/huyang/Desktop/capstone-project-2025-t1-25t1-9900-f14a-brioche-Docker_implement/frontend/cypress/component/Sidebar.cy.jsx\",\n  lineNumber: 12,\n  columnNumber: 24\n}, this));\ncy.contains(\"Dashboard\").should(\"exist\");\ncy.contains(\"Report History\").should(\"exist\");\ncy.contains(\"User Guide\").should(\"exist\");\ncy.contains(\"Logout\").should(\"exist\");\ncy.contains(\"Logout\").click();\ncy.window().then((win) => {\n  expect(win.localStorage.getItem(\"currentUser\")).to.be.null;\n  expect(win.localStorage.getItem(\"token\")).to.be.null;\n});",
              "err": {},
              "uuid": "5d323041-5a70-469b-9208-eeccd0b3ced1",
              "parentUUID": "87a0d836-7137-417b-ba86-9d0effdce231",
              "isHook": false,
              "skipped": false
            }
          ],
          "suites": [],
          "passes": [
            "5d323041-5a70-469b-9208-eeccd0b3ced1"
          ],
          "failures": [],
          "pending": [],
          "skipped": [],
          "duration": 142,
          "root": false,
          "rootEmpty": false,
          "_timeout": 2000
        }
      ],
      "passes": [],
      "failures": [],
      "pending": [],
      "skipped": [],
      "duration": 0,
      "root": true,
      "rootEmpty": true,
      "_timeout": 2000
    }
  ],
  "meta": {
    "mocha": {
      "version": "7.2.0"
    },
    "mochawesome": {
      "options": {
        "quiet": true,
        "reportFilename": "component-report",
        "saveHtml": true,
        "saveJson": true,
        "consoleReporter": "spec",
        "useInlineDiffs": false,
        "code": true
      },
      "version": "7.1.3"
    },
    "marge": {
      "options": {
        "reportDir": "cypress/reports/component",
        "reportFilename": "component-report",
        "quiet": true,
        "overwrite": false,
        "html": true,
        "json": true
      },
      "version": "6.2.0"
    }
  }
}