{
  "stats": {
    "suites": 1,
    "tests": 1,
    "passes": 0,
    "pending": 0,
    "failures": 1,
    "start": "2025-04-23T08:02:01.580Z",
    "end": "2025-04-23T08:02:05.840Z",
    "duration": 4260,
    "testsRegistered": 1,
    "passPercent": 0,
    "pendingPercent": 0,
    "other": 0,
    "hasOther": false,
    "skipped": 0,
    "hasSkipped": false
  },
  "results": [
    {
      "uuid": "c82f6418-efb7-41ad-9ef5-2e83a744dd6b",
      "title": "",
      "fullFile": "cypress/component/FilterBar.cy.jsx",
      "file": "cypress/component/FilterBar.cy.jsx",
      "beforeHooks": [],
      "afterHooks": [],
      "tests": [],
      "suites": [
        {
          "uuid": "4ec36c30-78bf-452f-a6e5-98ccfbc0861a",
          "title": "FilterBar 组件",
          "fullFile": "",
          "file": "",
          "beforeHooks": [],
          "afterHooks": [],
          "tests": [
            {
              "title": "渲染并触发回调",
              "fullTitle": "FilterBar 组件 渲染并触发回调",
              "timedOut": null,
              "duration": 4239,
              "state": "failed",
              "speed": null,
              "pass": false,
              "fail": true,
              "pending": false,
              "context": null,
              "code": "const setIndustry = cy.stub().as(\"setIndustry\");\nconst setReportingYear = cy.stub().as(\"setReportingYear\");\nconst setCompany = cy.stub().as(\"setCompany\");\ncy.mountWithRouter(\n  /* @__PURE__ */ jsxDEV(\n    FilterBar,\n    {\n      industry: \"Semiconductors\",\n      reportingYear: \"2022-12-31\",\n      company: \"TestCo\",\n      setIndustry,\n      setReportingYear,\n      setCompany\n    },\n    void 0,\n    false,\n    {\n      fileName: \"/Users/huyang/Desktop/capstone-project-2025-t1-25t1-9900-f14a-brioche-Docker_implement/frontend/cypress/component/FilterBar.cy.jsx\",\n      lineNumber: 11,\n      columnNumber: 7\n    },\n    this\n  )\n);\ncy.contains(\"Industry\").should(\"exist\");\ncy.contains(\"Year\").should(\"exist\");\ncy.contains(\"Generate Report\").should(\"exist\");\ncy.get('input[aria-label=\"Company\"]').should(\"exist\").should(\"have.value\", \"TestCo\");\ncy.get(\"label\").contains(\"Industry\").parent().find(\"input\").click();\ncy.contains(\"Biotechnology & Pharmaceuticals\").click();\ncy.get(\"@setIndustry\").should(\"have.been.calledWith\", \"Biotechnology %26 Pharmaceuticals\");\ncy.get('input[aria-label=\"Company\"]').clear().type(\"NewCo\").blur();\ncy.get(\"@setCompany\").should(\"have.been.calledWith\", \"NewCo\");",
              "err": {
                "message": "AssertionError: Timed out retrying after 4000ms: Expected to find element: `input[aria-label=\"Company\"]`, but never found it.",
                "estack": "AssertionError: Timed out retrying after 4000ms: Expected to find element: `input[aria-label=\"Company\"]`, but never found it.\n    at Context.<anonymous> (FilterBar.cy.jsx:28:7)",
                "diff": null
              },
              "uuid": "2ea088f0-610c-4e60-bcf7-302d1c339086",
              "parentUUID": "4ec36c30-78bf-452f-a6e5-98ccfbc0861a",
              "isHook": false,
              "skipped": false
            }
          ],
          "suites": [],
          "passes": [],
          "failures": [
            "2ea088f0-610c-4e60-bcf7-302d1c339086"
          ],
          "pending": [],
          "skipped": [],
          "duration": 4239,
          "root": false,
          "rootEmpty": false,
          "_timeout": 2000
        }
      ],
      "passes": [],
      "failures": [],
      "pending": [],
      "skipped": [],
      "duration": 0,
      "root": true,
      "rootEmpty": true,
      "_timeout": 2000
    }
  ],
  "meta": {
    "mocha": {
      "version": "7.2.0"
    },
    "mochawesome": {
      "options": {
        "quiet": true,
        "reportFilename": "component-report",
        "saveHtml": true,
        "saveJson": true,
        "consoleReporter": "spec",
        "useInlineDiffs": false,
        "code": true
      },
      "version": "7.1.3"
    },
    "marge": {
      "options": {
        "reportDir": "cypress/reports/component",
        "reportFilename": "component-report",
        "quiet": true,
        "overwrite": false,
        "html": true,
        "json": true
      },
      "version": "6.2.0"
    }
  }
}